<?xml version="1.0" encoding="UTF-8" ?>
<testsuite errors="0" failures="0" hostname="DESKTOP-V9COITK" name="pl.polsl.java.michal.jakobczyk.lab5.test.TextModelTest" skipped="0" tests="3" time="0.148" timestamp="2017-12-30T17:18:29">
  <properties>
    <property name="libs.jsp-compiler.javadoc" value="" />
    <property name="netbeans.autoupdate.country" value="PL" />
    <property name="nb.wait.for.caches" value="true" />
    <property name="javac.test.classpath" value=":build/web/WEB-INF/classes:C:\Program Files\NetBeans 8.2\platform\modules\ext\junit-4.12.jar:C:\Program Files\NetBeans 8.2\platform\modules\ext\hamcrest-core-1.3.jar" />
    <property name="j2ee.copy.static.files.on.save" value="true" />
    <property name="source.root" value="src" />
    <property name="do.display.browser" value="true" />
    <property name="ant.core.lib" value="C:\Program Files\NetBeans 8.2\extide\ant\lib\ant.jar" />
    <property name="javadoc.windowtitle" value="" />
    <property name="libs.jsp-compilation.javadoc" value="" />
    <property name="user.dir" value="D:\Michał\Tymczasowe\Do studiów\Java\JAVA LABORATORIUM\Lab5\Michał.Jakóbczyk.ćw5\MorseTranslatorWebApplication" />
    <property name="libs.javaee-api-7.0.src" value="" />
    <property name="java.vm.version" value="25.151-b12" />
    <property name="libs.MySQLDriver.classpath" value="C:\Program Files\NetBeans 8.2\ide\modules\ext\mysql-connector-java-5.1.23-bin.jar" />
    <property name="libs.eclipselinkmodelgen.src" value="" />
    <property name="javadoc.notree" value="false" />
    <property name="lib.dir" value="web/WEB-INF/lib" />
    <property name="netbeans.autoupdate.version" value="1.23" />
    <property name="libs.EclipseLink-GlassFish-v3.classpath" value="C:\Users\Majki\GlassFish_Server\glassfish\modules\org.eclipse.persistence.antlr.jar;C:\Users\Majki\GlassFish_Server\glassfish\modules\org.eclipse.persistence.asm.jar;C:\Users\Majki\GlassFish_Server\glassfish\modules\org.eclipse.persistence.core.jar;C:\Users\Majki\GlassFish_Server\glassfish\modules\org.eclipse.persistence.dbws.jar;C:\Users\Majki\GlassFish_Server\glassfish\modules\org.eclipse.persistence.jpa.jar;C:\Users\Majki\GlassFish_Server\glassfish\modules\org.eclipse.persistence.jpa.jpql.jar;C:\Users\Majki\GlassFish_Server\glassfish\modules\org.eclipse.persistence.jpa.modelgen.processor.jar;C:\Users\Majki\GlassFish_Server\glassfish\modules\org.eclipse.persistence.moxy.jar;C:\Users\Majki\GlassFish_Server\glassfish\modules\org.eclipse.persistence.oracle.jar;C:\Users\Majki\GlassFish_Server\glassfish\modules\javax.persistence.jar" />
    <property name="libs.javaee-web-api-6.0.classpath" value="C:\Users\Majki\AppData\Roaming\NetBeans\8.2\modules\ext\javaee-web-api-6.0.jar" />
    <property name="libs.Java-EE-GlassFish-v3-Prelude.javadoc" value="C:\Users\Majki\AppData\Roaming\NetBeans\8.2\docs\javaee-doc-api.jar" />
    <property name="jdk.home" value="D:\jdk1.8.0_151" />
    <property name="libs.javac-api.src" value="" />
    <property name="javadoc.noindex" value="false" />
    <property name="libs.jpa2-persistence.classpath" value="C:\Program Files\NetBeans 8.2\java\modules\ext\hibernate4\hibernate-jpa-2.1-api-1.0.0.Final.jar" />
    <property name="sun.os.patch.level" value="" />
    <property name="libs.Java-EE-GlassFish-v3-Prelude.src" value="" />
    <property name="do.tmp.war.package" value="true" />
    <property name="java.vm.specification.name" value="Java Virtual Machine Specification" />
    <property name="nb.show.statistics.ui" value="usageStatisticsEnabled" />
    <property name="netbeans.autoupdate.variant" value="" />
    <property name="have.tests" value="true" />
    <property name="org.xml.sax.driver" value="com.sun.org.apache.xerces.internal.jaxp.SAXParserImpl$JAXPSAXParser" />
    <property name="libs.hamcrest.classpath" value="C:\Program Files\NetBeans 8.2\platform\modules\ext\hamcrest-core-1.3.jar" />
    <property name="j2ee.server.instance" value="[C:\Users\Majki\GlassFish_Server\glassfish;C:\Users\Majki\GlassFish_Server\glassfish\domains\domain1]deployer:gfv3ee6wc:localhost:4848" />
    <property name="libs.javac-api.javadoc" value="" />
    <property name="os.name" value="Windows 10" />
    <property name="libs.beans-binding.classpath" value="C:\Program Files\NetBeans 8.2\java\modules\ext\beansbinding-1.2.1.jar" />
    <property name="libs.javaee-endorsed-api-7.0.maven-pom" value="" />
    <property name="ap.proc.none.internal" value="" />
    <property name="libs.JWSAntTasks.maven-pom" value="" />
    <property name="libs.jstl.classpath" value="C:\Users\Majki\AppData\Roaming\NetBeans\8.2\modules\ext\jstl-impl.jar;C:\Users\Majki\AppData\Roaming\NetBeans\8.2\modules\ext\jstl-api.jar" />
    <property name="libs.testng.src" value="" />
    <property name="runmain.jvmargs" value="" />
    <property name="java.vendor.url.bug" value="http://bugreport.sun.com/bugreport/" />
    <property name="libs.jaxb.maven-pom" value="" />
    <property name="os.arch" value="amd64" />
    <property name="libs.eclipselink.src" value="" />
    <property name="user.name" value="Majki" />
    <property name="j2ee.compile.on.save" value="true" />
    <property name="libs.Comet-GlassFish-v3.javadoc" value="" />
    <property name="libs.swing-layout.maven-pom" value="" />
    <property name="sun.java.command" value="org.apache.tools.ant.taskdefs.optional.junit.JUnitTestRunner pl.polsl.java.michal.jakobczyk.lab5.test.TextModelTest skipNonTests=false filtertrace=true haltOnError=false haltOnFailure=false showoutput=true outputtoformatters=true logfailedtests=true threadid=0 logtestlistenerevents=true formatter=org.apache.tools.ant.taskdefs.optional.junit.BriefJUnitResultFormatter formatter=org.apache.tools.ant.taskdefs.optional.junit.XMLJUnitResultFormatter,D:\Michał\Tymczasowe\Do studiów\Java\JAVA LABORATORIUM\Lab5\Michał.Jakóbczyk.ćw5\MorseTranslatorWebApplication\build\test\results\TEST-pl.polsl.java.michal.jakobczyk.lab5.test.TextModelTest.xml crashfile=D:\Michał\Tymczasowe\Do studiów\Java\JAVA LABORATORIUM\Lab5\Michał.Jakóbczyk.ćw5\MorseTranslatorWebApplication\build\junitvmwatcher2779946419334807510.properties propsfile=D:\Michał\Tymczasowe\Do studiów\Java\JAVA LABORATORIUM\Lab5\Michał.Jakóbczyk.ćw5\MorseTranslatorWebApplication\build\junit8117959148631317882.properties" />
    <property name="build.classes.dir" value="build/web/WEB-INF/classes" />
    <property name="netbeans.accept_license_class" value="org.netbeans.license.AcceptLicense" />
    <property name="ap.supported.internal" value="true" />
    <property name="libs.javaee-endorsed-api-7.0.javadoc" value="C:\Users\Majki\AppData\Roaming\NetBeans\8.2\docs\javaee-doc-api.jar" />
    <property name="libs.jaxws21.javadoc" value="C:\Program Files\NetBeans 8.2\java\docs\jaxws-api-doc.zip" />
    <property name="build.web.excludes" value="**/*.java,**/*.form" />
    <property name="includes" value="**" />
    <property name="j2ee.platform.wsimport.classpath" value="C:/Users/Majki/GlassFish_Server/glassfish/modules/webservices-osgi.jar:C:/Users/Majki/GlassFish_Server/glassfish/modules/endorsed/webservices-api-osgi.jar:C:/Users/Majki/GlassFish_Server/glassfish/modules/jaxb-osgi.jar:C:/Users/Majki/GlassFish_Server/glassfish/modules/endorsed/jaxb-api.jar" />
    <property name="browser.context" value="D:\Michał\Tymczasowe\Do studiów\Java\JAVA LABORATORIUM\Lab5\Michał.Jakóbczyk.ćw5\MorseTranslatorWebApplication" />
    <property name="user.country" value="PL" />
    <property name="javadoc.encoding" value="UTF-8" />
    <property name="javac.classpath" value="" />
    <property name="libs.jsp-compilation-syscp.src" value="" />
    <property name="libs.JAVADB_DRIVER_LABEL.src" value="" />
    <property name="libs.spring-framework400.classpath" value="C:\Program Files\NetBeans 8.2\ide\modules\org-apache-commons-logging.jar;C:\Program Files\NetBeans 8.2\java\modules\ext\cglib-2.2.jar;C:\Program Files\NetBeans 8.2\java\modules\ext\spring-4\spring-aop-4.0.1.RELEASE.jar;C:\Program Files\NetBeans 8.2\java\modules\ext\spring-4\spring-aspects-4.0.1.RELEASE.jar;C:\Program Files\NetBeans 8.2\java\modules\ext\spring-4\spring-beans-4.0.1.RELEASE.jar;C:\Program Files\NetBeans 8.2\java\modules\ext\spring-4\spring-build-src-4.0.1.RELEASE.jar;C:\Program Files\NetBeans 8.2\java\modules\ext\spring-4\spring-context-4.0.1.RELEASE.jar;C:\Program Files\NetBeans 8.2\java\modules\ext\spring-4\spring-context-support-4.0.1.RELEASE.jar;C:\Program Files\NetBeans 8.2\java\modules\ext\spring-4\spring-core-4.0.1.RELEASE.jar;C:\Program Files\NetBeans 8.2\java\modules\ext\spring-4\spring-expression-4.0.1.RELEASE.jar;C:\Program Files\NetBeans 8.2\java\modules\ext\spring-4\spring-framework-bom-4.0.1.RELEASE.jar;C:\Program Files\NetBeans 8.2\java\modules\ext\spring-4\spring-instrument-4.0.1.RELEASE.jar;C:\Program Files\NetBeans 8.2\java\modules\ext\spring-4\spring-instrument-tomcat-4.0.1.RELEASE.jar;C:\Program Files\NetBeans 8.2\java\modules\ext\spring-4\spring-jdbc-4.0.1.RELEASE.jar;C:\Program Files\NetBeans 8.2\java\modules\ext\spring-4\spring-jms-4.0.1.RELEASE.jar;C:\Program Files\NetBeans 8.2\java\modules\ext\spring-4\spring-messaging-4.0.1.RELEASE.jar;C:\Program Files\NetBeans 8.2\java\modules\ext\spring-4\spring-orm-4.0.1.RELEASE.jar;C:\Program Files\NetBeans 8.2\java\modules\ext\spring-4\spring-oxm-4.0.1.RELEASE.jar;C:\Program Files\NetBeans 8.2\java\modules\ext\spring-4\spring-test-4.0.1.RELEASE.jar;C:\Program Files\NetBeans 8.2\java\modules\ext\spring-4\spring-tx-4.0.1.RELEASE.jar;C:\Program Files\NetBeans 8.2\java\modules\ext\spring-4\spring-web-4.0.1.RELEASE.jar;C:\Program Files\NetBeans 8.2\java\modules\ext\spring-4\spring-webmvc-4.0.1.RELEASE.jar;C:\Program Files\NetBeans 8.2\java\modules\ext\spring-4\spring-webmvc-portlet-4.0.1.RELEASE.jar;C:\Program Files\NetBeans 8.2\java\modules\ext\spring-4\spring-websocket-4.0.1.RELEASE.jar" />
    <property name="do.debug.server" value="true" />
    <property name="debug-transport" value="dt_shmem" />
    <property name="ant.file.MorseTranslatorWebApplication" value="D:\Michał\Tymczasowe\Do studiów\Java\JAVA LABORATORIUM\Lab5\Michał.Jakóbczyk.ćw5\MorseTranslatorWebApplication\build.xml" />
    <property name="netbeans.home" value="C:\Program Files\NetBeans 8.2\platform" />
    <property name="build.compiler.emacs" value="true" />
    <property name="libs.javaee-web-api-6.0.src" value="" />
    <property name="libs.jsp-compilation-syscp.classpath" value="C:\Program Files\NetBeans 8.2\extide\ant\lib\ant.jar;C:\Users\Majki\AppData\Roaming\NetBeans\8.2\modules\ext\servlet3.1-jsp2.3-api.jar;C:\Users\Majki\AppData\Roaming\NetBeans\8.2\modules\ext\glassfish-jspparser-4.0.jar;C:\Users\Majki\AppData\Roaming\NetBeans\8.2\modules\ext\jstl-impl.jar" />
    <property name="nu.validator.checker.imageCandidateString.hasWidth" value="0" />
    <property name="java.endorsed.dirs" value="D:\jdk1.8.0_151\jre\lib\endorsed" />
    <property name="libs.Comet-GlassFish-v3.maven-pom" value="" />
    <property name="netbeans.dynamic.classpath" value="C:\Program Files\NetBeans 8.2\platform\core\asm-all-5.0.1.jar;C:\Program Files\NetBeans 8.2\platform\core\core-base.jar;C:\Program Files\NetBeans 8.2\platform\core\core.jar;C:\Program Files\NetBeans 8.2\platform\core\org-netbeans-libs-asm.jar;C:\Program Files\NetBeans 8.2\platform\core\org-openide-filesystems-compat8.jar;C:\Program Files\NetBeans 8.2\platform\core\org-openide-filesystems.jar;C:\Program Files\NetBeans 8.2\platform\core\locale\core-base_ja.jar;C:\Program Files\NetBeans 8.2\platform\core\locale\core-base_pt_BR.jar;C:\Program Files\NetBeans 8.2\platform\core\locale\core-base_ru.jar;C:\Program Files\NetBeans 8.2\platform\core\locale\core-base_zh_CN.jar;C:\Program Files\NetBeans 8.2\platform\core\locale\core_ja.jar;C:\Program Files\NetBeans 8.2\platform\core\locale\core_pt_BR.jar;C:\Program Files\NetBeans 8.2\platform\core\locale\core_ru.jar;C:\Program Files\NetBeans 8.2\platform\core\locale\core_zh_CN.jar;C:\Program Files\NetBeans 8.2\platform\core\locale\org-netbeans-libs-asm_ja.jar;C:\Program Files\NetBeans 8.2\platform\core\locale\org-netbeans-libs-asm_pt_BR.jar;C:\Program Files\NetBeans 8.2\platform\core\locale\org-netbeans-libs-asm_ru.jar;C:\Program Files\NetBeans 8.2\platform\core\locale\org-netbeans-libs-asm_zh_CN.jar;C:\Program Files\NetBeans 8.2\platform\core\locale\org-openide-filesystems-compat8_ja.jar;C:\Program Files\NetBeans 8.2\platform\core\locale\org-openide-filesystems-compat8_pt_BR.jar;C:\Program Files\NetBeans 8.2\platform\core\locale\org-openide-filesystems-compat8_ru.jar;C:\Program Files\NetBeans 8.2\platform\core\locale\org-openide-filesystems-compat8_zh_CN.jar;C:\Program Files\NetBeans 8.2\platform\core\locale\org-openide-filesystems_ja.jar;C:\Program Files\NetBeans 8.2\platform\core\locale\org-openide-filesystems_pt_BR.jar;C:\Program Files\NetBeans 8.2\platform\core\locale\org-openide-filesystems_ru.jar;C:\Program Files\NetBeans 8.2\platform\core\locale\org-openide-filesystems_zh_CN.jar;C:\Program Files\NetBeans 8.2\nb\core\org-netbeans-upgrader.jar;C:\Program Files\NetBeans 8.2\nb\core\locale\core_nb.jar;C:\Program Files\NetBeans 8.2\nb\core\locale\core_nb_ja.jar;C:\Program Files\NetBeans 8.2\nb\core\locale\core_nb_pt_BR.jar;C:\Program Files\NetBeans 8.2\nb\core\locale\core_nb_ru.jar;C:\Program Files\NetBeans 8.2\nb\core\locale\core_nb_zh_CN.jar;C:\Program Files\NetBeans 8.2\nb\core\locale\org-netbeans-upgrader_ja.jar;C:\Program Files\NetBeans 8.2\nb\core\locale\org-netbeans-upgrader_pt_BR.jar;C:\Program Files\NetBeans 8.2\nb\core\locale\org-netbeans-upgrader_ru.jar;C:\Program Files\NetBeans 8.2\nb\core\locale\org-netbeans-upgrader_zh_CN.jar" />
    <property name="auxiliary.org-netbeans-modules-css-prep.sass_2e_mappings" value="/scss:/css" />
    <property name="java.vm.specification.version" value="1.8" />
    <property name="libs.hibernate4-support.src" value="" />
    <property name="libs.javaee-api-6.0.classpath" value="C:\Users\Majki\AppData\Roaming\NetBeans\8.2\modules\ext\javaee-api-6.0.jar" />
    <property name="netbeans.productversion" value="NetBeans IDE 8.2 (Build 201609300101)" />
    <property name="libs.jaxws21.src" value="" />
    <property name="do.war.package.with.custom.manifest" value="true" />
    <property name="auxiliary.org-netbeans-modules-whitelist.whitelist-oracle" value="false" />
    <property name="netbeans.autoupdate.language" value="pl" />
    <property name="java.vendor" value="Oracle Corporation" />
    <property name="auxiliary.org-netbeans-modules-css-prep.less_2e_enabled" value="false" />
    <property name="libs.javaee-api-6.0.javadoc" value="C:\Users\Majki\AppData\Roaming\NetBeans\8.2\docs\javaee-doc-api.jar" />
    <property name="javac.debug" value="true" />
    <property name="javadoc.splitindex" value="true" />
    <property name="file.separator" value="\" />
    <property name="libs.Java-EE-GlassFish-v3-Prelude.maven-pom" value="" />
    <property name="libs.junit_4.maven-pom" value="" />
    <property name="resource.dir" value="setup" />
    <property name="javac.test.processorpath" value=":build/web/WEB-INF/classes:C:\Program Files\NetBeans 8.2\platform\modules\ext\junit-4.12.jar:C:\Program Files\NetBeans 8.2\platform\modules\ext\hamcrest-core-1.3.jar" />
    <property name="netbeans.buildnumber" value="201609300101" />
    <property name="libs.JWSAntTasks.javadoc" value="" />
    <property name="build.generated.sources.dir" value="build/generated-sources" />
    <property name="user.variant" value="" />
    <property name="libs.eclipselinkmodelgen.classpath" value="C:\Program Files\NetBeans 8.2\java\modules\ext\eclipselink\org.eclipse.persistence.jpa.modelgen_2.5.2.v20140319-9ad6abd.jar" />
    <property name="libs.javaee-endorsed-api-7.0.src" value="" />
    <property name="sun.java.launcher" value="SUN_STANDARD" />
    <property name="libs.hibernate4-persistencemodelgen.javadoc" value="" />
    <property name="ant.file.type.MorseTranslatorWebApplication-impl" value="file" />
    <property name="ant.file.MorseTranslatorWebApplication-impl" value="D:\Michał\Tymczasowe\Do studiów\Java\JAVA LABORATORIUM\Lab5\Michał.Jakóbczyk.ćw5\MorseTranslatorWebApplication\nbproject\build-impl.xml" />
    <property name="libs.jaxb.javadoc" value="C:\Program Files\NetBeans 8.2\ide\docs\jaxb-api-doc.zip" />
    <property name="application.args.param" value="" />
    <property name="org.openide.awt.SwingBrowserImpl.do-not-block-awt" value="false" />
    <property name="ant.home" value="C:\Program Files\NetBeans 8.2\extide\ant" />
    <property name="libs.junit_4.src" value="C:\Program Files\NetBeans 8.2\platform\docs\junit-4.12-sources.jar" />
    <property name="libs.testng.classpath" value="C:\Program Files\NetBeans 8.2\platform\modules\ext\testng-6.8.1-dist.jar" />
    <property name="conf.dir" value="src/conf" />
    <property name="webinf.dir" value="web/WEB-INF" />
    <property name="libs.absolutelayout.maven-pom" value="" />
    <property name="ant.java.version" value="1.8" />
    <property name="java.library.path" value="D:\jdk1.8.0_151\jre\bin;C:\Windows\Sun\Java\bin;C:\Windows\system32;C:\Windows;C:\ProgramData\Oracle\Java\javapath;C:\Windows\system32;C:\Windows;C:\Windows\System32\Wbem;C:\Windows\System32\WindowsPowerShell\v1.0\;C:\Program Files (x86)\NVIDIA Corporation\PhysX\Common;C:\Program Files\dotnet\;C:\Program Files\Microsoft SQL Server\130\Tools\Binn\;C:\Program Files\Git\cmd;C:\Users\Majki\AppData\Local\Microsoft\WindowsApps;;." />
    <property name="javadoc.author" value="true" />
    <property name="libs.EclipseLink-GlassFish-v3.src" value="" />
    <property name="java.util.logging.config.class" value="org.netbeans.core.startup.TopLogging" />
    <property name="libs.spring-framework400.src" value="" />
    <property name="libs.PostgreSQLDriver.src" value="" />
    <property name="sun.arch.data.model" value="64" />
    <property name="basedir" value="D:\Michał\Tymczasowe\Do studiów\Java\JAVA LABORATORIUM\Lab5\Michał.Jakóbczyk.ćw5\MorseTranslatorWebApplication" />
    <property name="libs.jpa20-persistence.maven-pom" value="" />
    <property name="jar.compress" value="false" />
    <property name="libs.javaee-web-api-7.0.classpath" value="C:\Users\Majki\AppData\Roaming\NetBeans\8.2\modules\ext\javaee-web-api-7.0.jar" />
    <property name="path.separator" value=";" />
    <property name="dist.war" value="dist/MorseTranslatorWebApplication.war" />
    <property name="libs.javaee-web-api-6.0.javadoc" value="C:\Users\Majki\AppData\Roaming\NetBeans\8.2\docs\javaee-doc-api.jar" />
    <property name="ant.junit.enabletestlistenerevents" value="true" />
    <property name="sun.io.unicode.encoding" value="UnicodeLittle" />
    <property name="libs.jaxws21.classpath" value="C:\Program Files\NetBeans 8.2\ide\modules\ext\jaxb\jaxb-impl.jar;C:\Program Files\NetBeans 8.2\ide\modules\ext\jaxb\jaxb-xjc.jar;C:\Program Files\NetBeans 8.2\java\modules\ext\jaxws22\FastInfoset.jar;C:\Program Files\NetBeans 8.2\java\modules\ext\jaxws22\gmbal-api-only.jar;C:\Program Files\NetBeans 8.2\java\modules\ext\jaxws22\ha-api.jar;C:\Program Files\NetBeans 8.2\java\modules\ext\jaxws22\javax.mail_1.4.jar;C:\Program Files\NetBeans 8.2\java\modules\ext\jaxws22\jaxws-rt.jar;C:\Program Files\NetBeans 8.2\java\modules\ext\jaxws22\jaxws-tools.jar;C:\Program Files\NetBeans 8.2\java\modules\ext\jaxws22\management-api.jar;C:\Program Files\NetBeans 8.2\java\modules\ext\jaxws22\mimepull.jar;C:\Program Files\NetBeans 8.2\java\modules\ext\jaxws22\policy.jar;C:\Program Files\NetBeans 8.2\java\modules\ext\jaxws22\saaj-impl.jar;C:\Program Files\NetBeans 8.2\java\modules\ext\jaxws22\stax-ex.jar;C:\Program Files\NetBeans 8.2\java\modules\ext\jaxws22\stax2-api.jar;C:\Program Files\NetBeans 8.2\java\modules\ext\jaxws22\streambuffer.jar;C:\Program Files\NetBeans 8.2\java\modules\ext\jaxws22\woodstox-core-asl.jar;C:\Program Files\NetBeans 8.2\java\modules\ext\jaxws22\api\jaxws-api.jar;C:\Program Files\NetBeans 8.2\java\modules\ext\jaxws22\api\jsr181-api.jar;C:\Program Files\NetBeans 8.2\java\modules\ext\jaxws22\api\javax.annotation.jar;C:\Program Files\NetBeans 8.2\java\modules\ext\jaxws22\api\saaj-api.jar;C:\Program Files\NetBeans 8.2\ide\modules\ext\jaxb\activation.jar;C:\Program Files\NetBeans 8.2\ide\modules\ext\jaxb\api\jaxb-api.jar;C:\Program Files\NetBeans 8.2\ide\modules\ext\jaxb\api\jsr173_1.0_api.jar" />
    <property name="apple.awt.graphics.UseQuartz" value="true" />
    <property name="user.language" value="pl" />
    <property name="j2ee.platform.classpath" value="C:/Users/Majki/GlassFish_Server/glassfish/modules/endorsed/javax.annotation-api.jar:C:/Users/Majki/GlassFish_Server/glassfish/modules/endorsed/jaxb-api.jar:C:/Users/Majki/GlassFish_Server/glassfish/modules/endorsed/webservices-api-osgi.jar:C:/Users/Majki/GlassFish_Server/glassfish/modules/bean-validator.jar:C:/Users/Majki/GlassFish_Server/glassfish/modules/cdi-api.jar:C:/Users/Majki/GlassFish_Server/glassfish/modules/javax.batch-api.jar:C:/Users/Majki/GlassFish_Server/glassfish/modules/javax.ejb-api.jar:C:/Users/Majki/GlassFish_Server/glassfish/modules/javax.el.jar:C:/Users/Majki/GlassFish_Server/glassfish/modules/javax.enterprise.concurrent-api.jar:C:/Users/Majki/GlassFish_Server/glassfish/modules/javax.enterprise.concurrent.jar:C:/Users/Majki/GlassFish_Server/glassfish/modules/javax.enterprise.deploy-api.jar:C:/Users/Majki/GlassFish_Server/glassfish/modules/javax.faces.jar:C:/Users/Majki/GlassFish_Server/glassfish/modules/javax.inject.jar:C:/Users/Majki/GlassFish_Server/glassfish/modules/javax.interceptor-api.jar:C:/Users/Majki/GlassFish_Server/glassfish/modules/javax.jms-api.jar:C:/Users/Majki/GlassFish_Server/glassfish/modules/javax.json.jar:C:/Users/Majki/GlassFish_Server/glassfish/modules/javax.mail.jar:C:/Users/Majki/GlassFish_Server/glassfish/modules/javax.management.j2ee-api.jar:C:/Users/Majki/GlassFish_Server/glassfish/modules/javax.persistence.jar:C:/Users/Majki/GlassFish_Server/glassfish/modules/javax.resource-api.jar:C:/Users/Majki/GlassFish_Server/glassfish/modules/javax.security.auth.message-api.jar:C:/Users/Majki/GlassFish_Server/glassfish/modules/javax.security.jacc-api.jar:C:/Users/Majki/GlassFish_Server/glassfish/modules/javax.servlet-api.jar:C:/Users/Majki/GlassFish_Server/glassfish/modules/javax.servlet.jsp-api.jar:C:/Users/Majki/GlassFish_Server/glassfish/modules/javax.servlet.jsp.jar:C:/Users/Majki/GlassFish_Server/glassfish/modules/javax.servlet.jsp.jstl-api.jar:C:/Users/Majki/GlassFish_Server/glassfish/modules/javax.servlet.jsp.jstl.jar:C:/Users/Majki/GlassFish_Server/glassfish/modules/javax.transaction-api.jar:C:/Users/Majki/GlassFish_Server/glassfish/modules/javax.websocket-api.jar:C:/Users/Majki/GlassFish_Server/glassfish/modules/javax.ws.rs-api.jar:C:/Users/Majki/GlassFish_Server/glassfish/modules/javax.xml.registry-api.jar:C:/Users/Majki/GlassFish_Server/glassfish/modules/javax.xml.rpc-api.jar:C:/Users/Majki/GlassFish_Server/glassfish/modules/jaxb-osgi.jar:C:/Users/Majki/GlassFish_Server/glassfish/modules/webservices-osgi.jar:C:/Users/Majki/GlassFish_Server/glassfish/modules/weld-osgi-bundle.jar:C:/Users/Majki/GlassFish_Server/mq/lib/jaxm-api.jar" />
    <property name="testng.mode" value="testng" />
    <property name="libs.JAXB-ENDORSED.maven-pom" value="" />
    <property name="libs.eclipselink.maven-pom" value="" />
    <property name="build.meta.inf.dir" value="build/web/META-INF" />
    <property name="persistence.xml.dir" value="src/conf" />
    <property name="test.binaryincludes" value="&lt;nothing&gt;" />
    <property name="libs.spring-framework300.maven-pom" value="" />
    <property name="run.test.classpath" value=":build/web/WEB-INF/classes:C:\Program Files\NetBeans 8.2\platform\modules\ext\junit-4.12.jar:C:\Program Files\NetBeans 8.2\platform\modules\ext\hamcrest-core-1.3.jar:build/test/classes" />
    <property name="ant.project.invoked-targets" value="test" />
    <property name="test.binaryexcludes" value="" />
    <property name="libs.swing-layout.javadoc" value="C:\Program Files\NetBeans 8.2\platform\docs\swing-layout-1.0.4-doc.zip" />
    <property name="sun.java2d.dpiaware" value="true" />
    <property name="libs.hibernate4-persistence.maven-pom" value="" />
    <property name="jspc.schemas" value="/resources/schemas/" />
    <property name="https.nonProxyHosts" value="localhost|127.0.0.1|DESKTOP-V9COITK" />
    <property name="libs.PostgreSQLDriver.maven-pom" value="" />
    <property name="java.class.version" value="52.0" />
    <property name="libs.JAVADB_DRIVER_LABEL.classpath" value="D:\jdk1.8.0_151\db\lib\derby.jar;D:\jdk1.8.0_151\db\lib\derbyclient.jar;D:\jdk1.8.0_151\db\lib\derbynet.jar" />
    <property name="libs.hibernate4-persistencemodelgen.maven-pom" value="" />
    <property name="libs.javaee-endorsed-api-6.0.src" value="" />
    <property name="libs.eclipselink.javadoc" value="C:\Program Files\NetBeans 8.2\java\modules\ext\docs\javax.persistence-2.1.0-doc.zip" />
    <property name="libs.jsp-compilation.maven-pom" value="" />
    <property name="user.properties.file" value="C:\Users\Majki\AppData\Roaming\NetBeans\8.2\build.properties" />
    <property name="build.web.dir" value="build/web" />
    <property name="libs.javac-api.maven-pom" value="" />
    <property name="libs.javaee-api-5.0.maven-pom" value="" />
    <property name="file.encoding.pkg" value="sun.io" />
    <property name="sun.cpu.endian" value="little" />
    <property name="libs.JAXB-ENDORSED.javadoc" value="" />
    <property name="j2ee.server.middleware" value="C:/Users/Majki/GlassFish_Server" />
    <property name="libs.JWSAntTasks.classpath" value="C:\Program Files\NetBeans 8.2\java\ant\extra\org-netbeans-modules-javawebstart-anttasks.jar" />
    <property name="libs.spring-framework300.src" value="" />
    <property name="libs.jstl.src" value="" />
    <property name="empty.dir" value="D:\Michał\Tymczasowe\Do studiów\Java\JAVA LABORATORIUM\Lab5\Michał.Jakóbczyk.ćw5\MorseTranslatorWebApplication\build\empty" />
    <property name="display.browser" value="true" />
    <property name="version-output" value="java version &quot;1.8" />
    <property name="test.binarytestincludes" value="" />
    <property name="libs.hibernate4-persistencemodelgen.src" value="" />
    <property name="javadoc.preview" value="true" />
    <property name="libs.jpa20-persistence.javadoc" value="C:\Program Files\NetBeans 8.2\java\modules\ext\docs\javax.persistence-2.1.0-doc.zip" />
    <property name="java.home" value="D:\jdk1.8.0_151\jre" />
    <property name="libs.jsp-compilation.src" value="" />
    <property name="debug.test.classpath" value=":build/web/WEB-INF/classes:C:\Program Files\NetBeans 8.2\platform\modules\ext\junit-4.12.jar:C:\Program Files\NetBeans 8.2\platform\modules\ext\hamcrest-core-1.3.jar:build/test/classes" />
    <property name="libs.javaee-endorsed-api-6.0.classpath" value="C:\Users\Majki\AppData\Roaming\NetBeans\8.2\modules\ext\javaee6-endorsed\javax.annotation.jar;C:\Users\Majki\AppData\Roaming\NetBeans\8.2\modules\ext\javaee6-endorsed\jaxb-api-osgi.jar;C:\Users\Majki\AppData\Roaming\NetBeans\8.2\modules\ext\javaee6-endorsed\webservices-api-osgi.jar" />
    <property name="libs.javaee-api-6.0.src" value="" />
    <property name="netbeans.importclass" value="org.netbeans.upgrade.AutoUpgrade" />
    <property name="ant.project.default-target" value="default" />
    <property name="annotation.processing.run.all.processors" value="true" />
    <property name="libs.PostgreSQLDriver.javadoc" value="" />
    <property name="libs.MySQLDriver.maven-pom" value="" />
    <property name="j2ee.platform.wsgen.classpath" value="C:/Users/Majki/GlassFish_Server/glassfish/modules/webservices-osgi.jar:C:/Users/Majki/GlassFish_Server/glassfish/modules/endorsed/webservices-api-osgi.jar:C:/Users/Majki/GlassFish_Server/glassfish/modules/jaxb-osgi.jar:C:/Users/Majki/GlassFish_Server/glassfish/modules/endorsed/jaxb-api.jar" />
    <property name="libs.hibernate4-persistence.javadoc" value="C:\Program Files\NetBeans 8.2\java\modules\ext\docs\javax.persistence-2.1.0-doc.zip" />
    <property name="http.nonProxyHosts" value="localhost|127.0.0.1|DESKTOP-V9COITK" />
    <property name="libs.junit_4.javadoc" value="C:\Program Files\NetBeans 8.2\platform\docs\junit-4.12-javadoc.jar" />
    <property name="libs.EclipseLink-GlassFish-v3.maven-pom" value="" />
    <property name="libs.javaee-web-api-6.0.maven-pom" value="" />
    <property name="j2ee.deploy.on.save" value="true" />
    <property name="jna.boot.library.name" value="jnidispatch-422" />
    <property name="libs.javaee-endorsed-api-6.0.javadoc" value="C:\Users\Majki\AppData\Roaming\NetBeans\8.2\docs\javaee-doc-api.jar" />
    <property name="libs.javaee-api-7.0.classpath" value="C:\Users\Majki\AppData\Roaming\NetBeans\8.2\modules\ext\javaee-api-7.0.jar" />
    <property name="sun.awt.datatransfer.timeout" value="1000" />
    <property name="libs.jpa2-persistence.maven-pom" value="" />
    <property name="annotation.processing.enabled.in.editor" value="true" />
    <property name="libs.hibernate4-support.classpath" value="C:\Program Files\NetBeans 8.2\java\modules\ext\hibernate4\antlr-2.7.7.jar;C:\Program Files\NetBeans 8.2\java\modules\ext\hibernate4\c3p0-0.9.2.1.jar;C:\Program Files\NetBeans 8.2\java\modules\ext\hibernate4\hibernate-c3p0-4.3.1.Final.jar;C:\Program Files\NetBeans 8.2\java\modules\ext\hibernate4\mchange-commons-java-0.2.3.4.jar;C:\Program Files\NetBeans 8.2\java\modules\ext\hibernate4\dom4j-1.6.1.jar;C:\Program Files\NetBeans 8.2\java\modules\ext\hibernate4\ehcache-core-2.4.3.jar;C:\Program Files\NetBeans 8.2\java\modules\ext\hibernate4\hibernate-ehcache-4.3.1.Final.jar;C:\Program Files\NetBeans 8.2\java\modules\ext\hibernate4\hibernate-core-4.3.1.Final.jar;C:\Program Files\NetBeans 8.2\java\modules\ext\hibernate4\jboss-logging-3.1.3.GA.jar;C:\Program Files\NetBeans 8.2\java\modules\ext\hibernate4\hibernate-commons-annotations-4.0.4.Final.jar;C:\Program Files\NetBeans 8.2\java\modules\ext\hibernate4\hibernate-entitymanager-4.3.1.Final.jar;C:\Program Files\NetBeans 8.2\java\modules\ext\hibernate4\javassist-3.18.1-GA.jar;C:\Program Files\NetBeans 8.2\java\modules\ext\hibernate4\jboss-transaction-api_1.2_spec-1.0.0.Final.jar;C:\Program Files\NetBeans 8.2\java\modules\ext\hibernate4\slf4j-api-1.6.1.jar;C:\Program Files\NetBeans 8.2\java\modules\ext\hibernate4\slf4j-simple-1.6.1.jar" />
    <property name="nb.native.filechooser" value="false" />
    <property name="sun.management.compiler" value="HotSpot 64-Bit Tiered Compilers" />
    <property name="javac.deprecation" value="false" />
    <property name="javadoc.use" value="true" />
    <property name="client.urlPart" value="" />
    <property name="sun.java2d.noddraw" value="true" />
    <property name="libs.jsp-compiler.classpath" value="C:\Users\Majki\AppData\Roaming\NetBeans\8.2\ant\extra\jspcompile.jar" />
    <property name="dist.ear.war" value="dist/MorseTranslatorWebApplication.war" />
    <property name="javac.processorpath" value="" />
    <property name="libs.hamcrest.maven-pom" value="" />
    <property name="javac.compilerargs" value="" />
    <property name="ant.file" value="D:\Michał\Tymczasowe\Do studiów\Java\JAVA LABORATORIUM\Lab5\Michał.Jakóbczyk.ćw5\MorseTranslatorWebApplication\build.xml" />
    <property name="ant.file.type.MorseTranslatorWebApplication" value="file" />
    <property name="libs.beans-binding.maven-pom" value="" />
    <property name="libs.hibernate4-support.javadoc" value="C:\Program Files\NetBeans 8.2\java\modules\ext\docs\javax.persistence-2.1.0-doc.zip" />
    <property name="libs.Java-EE-GlassFish-v3-Prelude.classpath" value="C:\Users\Majki\GlassFish_Server\glassfish\modules\endorsed\javax.annotation-api.jar;C:\Users\Majki\GlassFish_Server\glassfish\modules\endorsed\jaxb-api.jar;C:\Users\Majki\GlassFish_Server\glassfish\modules\endorsed\webservices-api-osgi.jar;C:\Users\Majki\GlassFish_Server\glassfish\modules\bean-validator.jar;C:\Users\Majki\GlassFish_Server\glassfish\modules\cdi-api.jar;C:\Users\Majki\GlassFish_Server\glassfish\modules\javax.batch-api.jar;C:\Users\Majki\GlassFish_Server\glassfish\modules\javax.ejb-api.jar;C:\Users\Majki\GlassFish_Server\glassfish\modules\javax.el.jar;C:\Users\Majki\GlassFish_Server\glassfish\modules\javax.enterprise.concurrent-api.jar;C:\Users\Majki\GlassFish_Server\glassfish\modules\javax.enterprise.concurrent.jar;C:\Users\Majki\GlassFish_Server\glassfish\modules\javax.enterprise.deploy-api.jar;C:\Users\Majki\GlassFish_Server\glassfish\modules\javax.faces.jar;C:\Users\Majki\GlassFish_Server\glassfish\modules\javax.inject.jar;C:\Users\Majki\GlassFish_Server\glassfish\modules\javax.interceptor-api.jar;C:\Users\Majki\GlassFish_Server\glassfish\modules\javax.jms-api.jar;C:\Users\Majki\GlassFish_Server\glassfish\modules\javax.json.jar;C:\Users\Majki\GlassFish_Server\glassfish\modules\javax.mail.jar;C:\Users\Majki\GlassFish_Server\glassfish\modules\javax.management.j2ee-api.jar;C:\Users\Majki\GlassFish_Server\glassfish\modules\javax.persistence.jar;C:\Users\Majki\GlassFish_Server\glassfish\modules\javax.resource-api.jar;C:\Users\Majki\GlassFish_Server\glassfish\modules\javax.security.auth.message-api.jar;C:\Users\Majki\GlassFish_Server\glassfish\modules\javax.security.jacc-api.jar;C:\Users\Majki\GlassFish_Server\glassfish\modules\javax.servlet-api.jar;C:\Users\Majki\GlassFish_Server\glassfish\modules\javax.servlet.jsp-api.jar;C:\Users\Majki\GlassFish_Server\glassfish\modules\javax.servlet.jsp.jar;C:\Users\Majki\GlassFish_Server\glassfish\modules\javax.servlet.jsp.jstl-api.jar;C:\Users\Majki\GlassFish_Server\glassfish\modules\javax.servlet.jsp.jstl.jar;C:\Users\Majki\GlassFish_Server\glassfish\modules\javax.transaction-api.jar;C:\Users\Majki\GlassFish_Server\glassfish\modules\javax.websocket-api.jar;C:\Users\Majki\GlassFish_Server\glassfish\modules\javax.ws.rs-api.jar;C:\Users\Majki\GlassFish_Server\glassfish\modules\javax.xml.registry-api.jar;C:\Users\Majki\GlassFish_Server\glassfish\modules\javax.xml.rpc-api.jar;C:\Users\Majki\GlassFish_Server\glassfish\modules\jaxb-osgi.jar;C:\Users\Majki\GlassFish_Server\glassfish\modules\webservices-osgi.jar;C:\Users\Majki\GlassFish_Server\glassfish\modules\weld-osgi-bundle.jar;C:\Users\Majki\GlassFish_Server\mq\lib\jaxm-api.jar" />
    <property name="has.custom.manifest" value="true" />
    <property name="libs.jstl.maven-pom" value="" />
    <property name="libs.javaee-api-5.0.src" value="" />
    <property name="libs.beans-binding.src" value="" />
    <property name="java.vm.specification.vendor" value="Oracle Corporation" />
    <property name="libs.swing-layout.src" value="C:\Program Files\NetBeans 8.2\platform\docs\swing-layout-1.0.4-src.zip" />
    <property name="org.openide.major.version" value="IDE/1" />
    <property name="java.vm.name" value="Java HotSpot(TM) 64-Bit Server VM" />
    <property name="do.display.browser.debug" value="true" />
    <property name="netbeans.user" value="C:\Users\Majki\AppData\Roaming\NetBeans\8.2" />
    <property name="javadoc.additionalparam" value="" />
    <property name="java.io.tmpdir" value="C:\Users\Majki\AppData\Local\Temp\" />
    <property name="java.vendor.url" value="http://java.oracle.com/" />
    <property name="endorsed.classpath.cmd.line.arg" value="-Xbootclasspath/p:&apos;C:\Users\Majki\AppData\Roaming\NetBeans\8.2\modules\ext\javaee7-endorsed\javax.annotation-api.jar;C:\Users\Majki\AppData\Roaming\NetBeans\8.2\modules\ext\javaee7-endorsed\javax.xml.soap-api.jar;C:\Users\Majki\AppData\Roaming\NetBeans\8.2\modules\ext\javaee7-endorsed\jaxb-api-osgi.jar;C:\Users\Majki\AppData\Roaming\NetBeans\8.2\modules\ext\javaee7-endorsed\jaxws-api.jar;C:\Users\Majki\AppData\Roaming\NetBeans\8.2\modules\ext\javaee7-endorsed\jsr181-api.jar&apos;" />
    <property name="jna.loaded" value="true" />
    <property name="junit.available" value="true" />
    <property name="j2ee.platform.wsit.classpath" value="" />
    <property name="compile.jsps" value="false" />
    <property name="libs.javaee-api-5.0.javadoc" value="" />
    <property name="libs.jsp-compiler.src" value="" />
    <property name="org.openide.awt.ActionReference.completion" value="org.netbeans.modules.apisupport.project.layers.PathCompletions" />
    <property name="deploy.ant.properties.file" value="C:\Users\Majki\AppData\Roaming\NetBeans\8.2\config\GlassFishEE6\Properties\gfv3-173628965.properties" />
    <property name="j2ee.platform.wscompile.classpath" value="C:/Users/Majki/GlassFish_Server/glassfish/modules/webservices-osgi.jar" />
    <property name="sun.boot.library.path" value="D:\jdk1.8.0_151\jre\bin" />
    <property name="have.sources" value="true" />
    <property name="libs.hamcrest.javadoc" value="" />
    <property name="debug.classpath" value="build/web/WEB-INF/classes:" />
    <property name="war.name" value="MorseTranslatorWebApplication.war" />
    <property name="javadoc.private" value="false" />
    <property name="test.src.dir" value="test" />
    <property name="ap.processors.internal" value="" />
    <property name="javadoc.encoding.used" value="UTF-8" />
    <property name="libs.spring-framework400.maven-pom" value="" />
    <property name="java.runtime.name" value="Java(TM) SE Runtime Environment" />
    <property name="ant.project.name" value="MorseTranslatorWebApplication" />
    <property name="netbeans.hash.code" value="unique=NBJDK_EXTIDE_JAVA_JDK0d878fc39-9d18-4bd9-8b31-bd9bd2bc9fcc_ac1763a7-c59b-4192-a29c-5ade5934ea5d" />
    <property name="netbeans.default_userdir_root" value="C:\Users\Majki\AppData\Roaming\NetBeans" />
    <property name="libs.jsp-compilation-syscp.maven-pom" value="" />
    <property name="sun.cpu.isalist" value="amd64" />
    <property name="libs.spring-framework400.javadoc" value="" />
    <property name="libs.CopyLibs.javadoc" value="" />
    <property name="j2ee.server.domain" value="C:/Users/Majki/GlassFish_Server/glassfish/domains/domain1" />
    <property name="org.openide.specification.version" value="6.2" />
    <property name="j2ee.server.home" value="C:/Users/Majki/GlassFish_Server/glassfish" />
    <property name="user.home" value="C:\Users\Majki" />
    <property name="annotation.processing.processors.list" value="" />
    <property name="auxiliary.org-netbeans-modules-web-clientproject-api.js_2e_libs_2e_folder" value="js/libs" />
    <property name="debug-args-line" value="-Xdebug" />
    <property name="libs.javaee-api-6.0.maven-pom" value="" />
    <property name="libs.JWSAntTasks.src" value="" />
    <property name="libs.CopyLibs.maven-pom" value="" />
    <property name="libs.spring-framework300.javadoc" value="" />
    <property name="libs.absolutelayout.javadoc" value="" />
    <property name="java.specification.name" value="Java Platform API Specification" />
    <property name="no.dist.ear.dir" value="true" />
    <property name="auxiliary.org-netbeans-modules-css-prep.sass_2e_compiler_2e_options" value="" />
    <property name="java.specification.vendor" value="Oracle Corporation" />
    <property name="libs.javac-api.classpath" value="C:\Program Files\NetBeans 8.2\java\modules\ext\nb-javac-api.jar" />
    <property name="java.version" value="1.8.0_151" />
    <property name="run.jvmargs.ide" value="" />
    <property name="javadoc.version" value="true" />
    <property name="libs.MySQLDriver.javadoc" value="" />
    <property name="org.openide.version" value="deprecated" />
    <property name="source.encoding" value="UTF-8" />
    <property name="ap.cmd.line.internal" value="" />
    <property name="libs.eclipselinkmodelgen.maven-pom" value="" />
    <property name="libs.jsp-compilation-syscp.javadoc" value="" />
    <property name="libs.eclipselinkmodelgen.javadoc" value="" />
    <property name="libs.javaee-endorsed-api-7.0.classpath" value="C:\Users\Majki\AppData\Roaming\NetBeans\8.2\modules\ext\javaee7-endorsed\javax.annotation-api.jar;C:\Users\Majki\AppData\Roaming\NetBeans\8.2\modules\ext\javaee7-endorsed\javax.xml.soap-api.jar;C:\Users\Majki\AppData\Roaming\NetBeans\8.2\modules\ext\javaee7-endorsed\jaxb-api-osgi.jar;C:\Users\Majki\AppData\Roaming\NetBeans\8.2\modules\ext\javaee7-endorsed\jaxws-api.jar;C:\Users\Majki\AppData\Roaming\NetBeans\8.2\modules\ext\javaee7-endorsed\jsr181-api.jar" />
    <property name="netbeans.home+have.tests" value="true" />
    <property name="libs.testng.maven-pom" value="" />
    <property name="libs.jaxb.src" value="" />
    <property name="jdk.launcher.addexports.5" value="java.management/sun.management=ALL-UNNAMED" />
    <property name="jdk.launcher.addexports.4" value="java.desktop/com.sun.java.swing.plaf.windows=ALL-UNNAMED" />
    <property name="jdk.launcher.addexports.3" value="java.desktop/sun.awt.im=ALL-UNNAMED" />
    <property name="jdk.launcher.addexports.2" value="java.desktop/java.awt.peer=ALL-UNNAMED" />
    <property name="libs.jaxb.classpath" value="C:\Program Files\NetBeans 8.2\ide\modules\ext\jaxb\jaxb-impl.jar;C:\Program Files\NetBeans 8.2\ide\modules\ext\jaxb\jaxb-xjc.jar;C:\Program Files\NetBeans 8.2\ide\modules\ext\jaxb\jaxb1-impl.jar;C:\Program Files\NetBeans 8.2\ide\modules\ext\jaxb\activation.jar;C:\Program Files\NetBeans 8.2\ide\modules\ext\jaxb\api\jaxb-api.jar;C:\Program Files\NetBeans 8.2\ide\modules\ext\jaxb\api\jsr173_1.0_api.jar" />
    <property name="jdk.launcher.addexports.1" value="java.base/jdk.internal.jrtfs=ALL-UNNAMED" />
    <property name="jdk.launcher.addexports.0" value="java.desktop/sun.awt=ALL-UNNAMED" />
    <property name="dist.javadoc.dir" value="dist/javadoc" />
    <property name="libs.swing-layout.classpath" value="C:\Program Files\NetBeans 8.2\platform\modules\ext\swing-layout-1.0.4.jar" />
    <property name="jspc.dtds" value="/resources/dtds/" />
    <property name="libs.javaee-web-api-7.0.maven-pom" value="" />
    <property name="build.generated.dir" value="build/generated" />
    <property name="javac.source" value="1.8" />
    <property name="line.separator" value="&#xd;&#xa;" />
    <property name="java.specification.version" value="1.8" />
    <property name="java.vm.info" value="mixed mode" />
    <property name="libs.jaxws21.maven-pom" value="" />
    <property name="nb.junit.batch" value="true" />
    <property name="auxiliary.org-netbeans-modules-css-prep.sass_2e_enabled" value="false" />
    <property name="sun.boot.class.path" value="C:\Users\Majki\AppData\Roaming\NetBeans\8.2\modules\ext\javaee7-endorsed\javax.annotation-api.jar;C:\Users\Majki\AppData\Roaming\NetBeans\8.2\modules\ext\javaee7-endorsed\javax.xml.soap-api.jar;C:\Users\Majki\AppData\Roaming\NetBeans\8.2\modules\ext\javaee7-endorsed\jaxb-api-osgi.jar;C:\Users\Majki\AppData\Roaming\NetBeans\8.2\modules\ext\javaee7-endorsed\jaxws-api.jar;C:\Users\Majki\AppData\Roaming\NetBeans\8.2\modules\ext\javaee7-endorsed\jsr181-api.jar;D:\jdk1.8.0_151\jre\lib\resources.jar;D:\jdk1.8.0_151\jre\lib\rt.jar;D:\jdk1.8.0_151\jre\lib\sunrsasign.jar;D:\jdk1.8.0_151\jre\lib\jsse.jar;D:\jdk1.8.0_151\jre\lib\jce.jar;D:\jdk1.8.0_151\jre\lib\charsets.jar;D:\jdk1.8.0_151\jre\lib\jfr.jar;D:\jdk1.8.0_151\jre\classes" />
    <property name="javac.target" value="1.8" />
    <property name="build.test.classes.dir" value="build/test/classes" />
    <property name="src.dir" value="src/java" />
    <property name="annotation.processing.enabled" value="true" />
    <property name="libs.jpa2-persistence.src" value="" />
    <property name="sun.awt.keepWorkingSetOnMinimize" value="true" />
    <property name="libs.jpa20-persistence.src" value="" />
    <property name="j2ee.platform" value="1.7-web" />
    <property name="libs.JAVADB_DRIVER_LABEL.maven-pom" value="" />
    <property name="ignore.failing.tests" value="true" />
    <property name="libs.Comet-GlassFish-v3.classpath" value="" />
    <property name="web.docbase.dir" value="web" />
    <property name="libs.javaee-web-api-7.0.src" value="" />
    <property name="dist.dir" value="dist" />
    <property name="testng.debug.mode" value="" />
    <property name="javac.fork" value="false" />
    <property name="java.awt.printerjob" value="sun.awt.windows.WPrinterJob" />
    <property name="default.javac.source" value="1.8" />
    <property name="debug-transport-by-os" value="dt_shmem" />
    <property name="libs.MySQLDriver.src" value="" />
    <property name="sun.jnu.encoding" value="Cp1250" />
    <property name="auxiliary.org-netbeans-modules-css-prep.less_2e_mappings" value="/less:/css" />
    <property name="java.runtime.version" value="1.8.0_151-b12" />
    <property name="build.test.results.dir" value="build/test/results" />
    <property name="do.tmp.war.package.with.custom.manifest" value="true" />
    <property name="default.javac.target" value="1.8" />
    <property name="libs.junit_4.classpath" value="C:\Program Files\NetBeans 8.2\platform\modules\ext\junit-4.12.jar" />
    <property name="user.timezone" value="" />
    <property name="nb.junit.single" value="false" />
    <property name="libs.javaee-endorsed-api-6.0.maven-pom" value="" />
    <property name="libs.JAVADB_DRIVER_LABEL.javadoc" value="" />
    <property name="netbeans.dirs" value="C:\Program Files\NetBeans 8.2\nb;C:\Program Files\NetBeans 8.2\ergonomics;C:\Program Files\NetBeans 8.2\ide;C:\Program Files\NetBeans 8.2\extide;C:\Program Files\NetBeans 8.2\java;C:\Program Files\NetBeans 8.2\apisupport;C:\Program Files\NetBeans 8.2\webcommon;C:\Program Files\NetBeans 8.2\websvccommon;C:\Program Files\NetBeans 8.2\enterprise;C:\Program Files\NetBeans 8.2\mobility;C:\Program Files\NetBeans 8.2\profiler;C:\Program Files\NetBeans 8.2\python;C:\Program Files\NetBeans 8.2\php;C:\Program Files\NetBeans 8.2\identity;C:\Program Files\NetBeans 8.2\harness;C:\Program Files\NetBeans 8.2\cnd;C:\Program Files\NetBeans 8.2\cndext;C:\Program Files\NetBeans 8.2\dlight;C:\Program Files\NetBeans 8.2\groovy;C:\Program Files\NetBeans 8.2\extra;C:\Program Files\NetBeans 8.2\javacard;C:\Program Files\NetBeans 8.2\javafx" />
    <property name="libs.jstl.javadoc" value="C:\Users\Majki\AppData\Roaming\NetBeans\8.2\docs\javaee-doc-api.jar" />
    <property name="java.ext.dirs" value="D:\jdk1.8.0_151\jre\lib\ext;C:\Windows\Sun\Java\lib\ext" />
    <property name="endorsed.classpath" value="C:\Users\Majki\AppData\Roaming\NetBeans\8.2\modules\ext\javaee7-endorsed\javax.annotation-api.jar;C:\Users\Majki\AppData\Roaming\NetBeans\8.2\modules\ext\javaee7-endorsed\javax.xml.soap-api.jar;C:\Users\Majki\AppData\Roaming\NetBeans\8.2\modules\ext\javaee7-endorsed\jaxb-api-osgi.jar;C:\Users\Majki\AppData\Roaming\NetBeans\8.2\modules\ext\javaee7-endorsed\jaxws-api.jar;C:\Users\Majki\AppData\Roaming\NetBeans\8.2\modules\ext\javaee7-endorsed\jsr181-api.jar" />
    <property name="libs.absolutelayout.classpath" value="C:\Program Files\NetBeans 8.2\java\modules\ext\AbsoluteLayout.jar" />
    <property name="excludes" value="" />
    <property name="libs.jpa2-persistence.javadoc" value="C:\Program Files\NetBeans 8.2\java\modules\ext\docs\javax.persistence-2.1.0-doc.zip" />
    <property name="apple.laf.useScreenMenuBar" value="true" />
    <property name="java.class.path" value="D:\Michał\Tymczasowe\Do studiów\Java\JAVA LABORATORIUM\Lab5\Michał.Jakóbczyk.ćw5\MorseTranslatorWebApplication\build\web\WEB-INF\classes;C:\Program Files\NetBeans 8.2\platform\modules\ext\junit-4.12.jar;C:\Program Files\NetBeans 8.2\platform\modules\ext\hamcrest-core-1.3.jar;D:\Michał\Tymczasowe\Do studiów\Java\JAVA LABORATORIUM\Lab5\Michał.Jakóbczyk.ćw5\MorseTranslatorWebApplication\build\test\classes;C:\Users\Majki\GlassFish_Server\glassfish\modules\endorsed\javax.annotation-api.jar;C:\Users\Majki\GlassFish_Server\glassfish\modules\endorsed\jaxb-api.jar;C:\Users\Majki\GlassFish_Server\glassfish\modules\endorsed\webservices-api-osgi.jar;C:\Users\Majki\GlassFish_Server\glassfish\modules\bean-validator.jar;C:\Users\Majki\GlassFish_Server\glassfish\modules\cdi-api.jar;C:\Users\Majki\GlassFish_Server\glassfish\modules\javax.batch-api.jar;C:\Users\Majki\GlassFish_Server\glassfish\modules\javax.ejb-api.jar;C:\Users\Majki\GlassFish_Server\glassfish\modules\javax.el.jar;C:\Users\Majki\GlassFish_Server\glassfish\modules\javax.enterprise.concurrent-api.jar;C:\Users\Majki\GlassFish_Server\glassfish\modules\javax.enterprise.concurrent.jar;C:\Users\Majki\GlassFish_Server\glassfish\modules\javax.enterprise.deploy-api.jar;C:\Users\Majki\GlassFish_Server\glassfish\modules\javax.faces.jar;C:\Users\Majki\GlassFish_Server\glassfish\modules\javax.inject.jar;C:\Users\Majki\GlassFish_Server\glassfish\modules\javax.interceptor-api.jar;C:\Users\Majki\GlassFish_Server\glassfish\modules\javax.jms-api.jar;C:\Users\Majki\GlassFish_Server\glassfish\modules\javax.json.jar;C:\Users\Majki\GlassFish_Server\glassfish\modules\javax.mail.jar;C:\Users\Majki\GlassFish_Server\glassfish\modules\javax.management.j2ee-api.jar;C:\Users\Majki\GlassFish_Server\glassfish\modules\javax.persistence.jar;C:\Users\Majki\GlassFish_Server\glassfish\modules\javax.resource-api.jar;C:\Users\Majki\GlassFish_Server\glassfish\modules\javax.security.auth.message-api.jar;C:\Users\Majki\GlassFish_Server\glassfish\modules\javax.security.jacc-api.jar;C:\Users\Majki\GlassFish_Server\glassfish\modules\javax.servlet-api.jar;C:\Users\Majki\GlassFish_Server\glassfish\modules\javax.servlet.jsp-api.jar;C:\Users\Majki\GlassFish_Server\glassfish\modules\javax.servlet.jsp.jar;C:\Users\Majki\GlassFish_Server\glassfish\modules\javax.servlet.jsp.jstl-api.jar;C:\Users\Majki\GlassFish_Server\glassfish\modules\javax.servlet.jsp.jstl.jar;C:\Users\Majki\GlassFish_Server\glassfish\modules\javax.transaction-api.jar;C:\Users\Majki\GlassFish_Server\glassfish\modules\javax.websocket-api.jar;C:\Users\Majki\GlassFish_Server\glassfish\modules\javax.ws.rs-api.jar;C:\Users\Majki\GlassFish_Server\glassfish\modules\javax.xml.registry-api.jar;C:\Users\Majki\GlassFish_Server\glassfish\modules\javax.xml.rpc-api.jar;C:\Users\Majki\GlassFish_Server\glassfish\modules\jaxb-osgi.jar;C:\Users\Majki\GlassFish_Server\glassfish\modules\webservices-osgi.jar;C:\Users\Majki\GlassFish_Server\glassfish\modules\weld-osgi-bundle.jar;C:\Users\Majki\GlassFish_Server\mq\lib\jaxm-api.jar;C:\Users\Majki\GlassFish_Server\glassfish\lib\embedded\glassfish-embedded-static-shell.jar;C:\Program Files\NetBeans 8.2\extide\ant\lib\ant-launcher.jar;C:\Program Files\NetBeans 8.2\extide\ant\lib\ant.jar;C:\Program Files\NetBeans 8.2\extide\ant\lib\ant-junit.jar;C:\Program Files\NetBeans 8.2\extide\ant\lib\ant-junit4.jar" />
    <property name="libs.absolutelayout.src" value="" />
    <property name="libs.jpa20-persistence.classpath" value="C:\Program Files\NetBeans 8.2\java\modules\ext\eclipselink\javax.persistence_2.1.0.v201304241213.jar" />
    <property name="j2ee.server.type" value="gfv3ee6" />
    <property name="os.version" value="10.0" />
    <property name="libs.EclipseLink-GlassFish-v3.javadoc" value="C:\Users\Majki\AppData\Roaming\NetBeans\8.2\docs\javaee-doc-api.jar" />
    <property name="libs.javaee-api-7.0.maven-pom" value="" />
    <property name="sun.awt.enableExtraMouseButtons" value="true" />
    <property name="sun.desktop" value="windows" />
    <property name="libs.hibernate4-persistence.src" value="" />
    <property name="libs.hibernate4-support.maven-pom" value="" />
    <property name="libs.Comet-GlassFish-v3.src" value="" />
    <property name="war.content.additional" value="" />
    <property name="libs.JAXB-ENDORSED.classpath" value="C:\Program Files\NetBeans 8.2\ide\modules\ext\jaxb\api\jaxb-api.jar" />
    <property name="nb.internal.action.name" value="test" />
    <property name="j2ee.platform.embeddableejb.classpath" value="C:/Users/Majki/GlassFish_Server/glassfish/lib/embedded/glassfish-embedded-static-shell.jar" />
    <property name="forceRedeploy" value="false" />
    <property name="libs.eclipselink.classpath" value="C:\Program Files\NetBeans 8.2\java\modules\ext\eclipselink\eclipselink.jar;C:\Program Files\NetBeans 8.2\java\modules\ext\eclipselink\javax.persistence_2.1.0.v201304241213.jar;C:\Program Files\NetBeans 8.2\java\modules\ext\eclipselink\org.eclipse.persistence.jpa.jpql_2.5.2.v20140319-9ad6abd.jar" />
    <property name="libs.javaee-api-7.0.javadoc" value="C:\Users\Majki\AppData\Roaming\NetBeans\8.2\docs\javaee-doc-api.jar" />
    <property name="java.awt.graphicsenv" value="sun.awt.Win32GraphicsEnvironment" />
    <property name="libs.beans-binding.javadoc" value="C:\Program Files\NetBeans 8.2\java\docs\beansbinding-1.2.1-doc.zip" />
    <property name="java.vm.vendor" value="Oracle Corporation" />
    <property name="libs.CopyLibs.classpath" value="C:\Program Files\NetBeans 8.2\java\ant\extra\org-netbeans-modules-java-j2seproject-copylibstask.jar" />
    <property name="libs.spring-framework300.classpath" value="C:\Program Files\NetBeans 8.2\ide\modules\org-apache-commons-logging.jar;C:\Program Files\NetBeans 8.2\java\modules\ext\cglib-2.2.jar;C:\Program Files\NetBeans 8.2\java\modules\ext\spring-3.0\spring-aop-3.2.7.RELEASE.jar;C:\Program Files\NetBeans 8.2\java\modules\ext\spring-3.0\spring-aspects-3.2.7.RELEASE.jar;C:\Program Files\NetBeans 8.2\java\modules\ext\spring-3.0\spring-beans-3.2.7.RELEASE.jar;C:\Program Files\NetBeans 8.2\java\modules\ext\spring-3.0\spring-build-src-3.2.7.RELEASE.jar;C:\Program Files\NetBeans 8.2\java\modules\ext\spring-3.0\spring-context-3.2.7.RELEASE.jar;C:\Program Files\NetBeans 8.2\java\modules\ext\spring-3.0\spring-context-support-3.2.7.RELEASE.jar;C:\Program Files\NetBeans 8.2\java\modules\ext\spring-3.0\spring-core-3.2.7.RELEASE.jar;C:\Program Files\NetBeans 8.2\java\modules\ext\spring-3.0\spring-expression-3.2.7.RELEASE.jar;C:\Program Files\NetBeans 8.2\java\modules\ext\spring-3.0\spring-framework-bom-3.2.7.RELEASE.jar;C:\Program Files\NetBeans 8.2\java\modules\ext\spring-3.0\spring-instrument-3.2.7.RELEASE.jar;C:\Program Files\NetBeans 8.2\java\modules\ext\spring-3.0\spring-instrument-tomcat-3.2.7.RELEASE.jar;C:\Program Files\NetBeans 8.2\java\modules\ext\spring-3.0\spring-jdbc-3.2.7.RELEASE.jar;C:\Program Files\NetBeans 8.2\java\modules\ext\spring-3.0\spring-jms-3.2.7.RELEASE.jar;C:\Program Files\NetBeans 8.2\java\modules\ext\spring-3.0\spring-orm-3.2.7.RELEASE.jar;C:\Program Files\NetBeans 8.2\java\modules\ext\spring-3.0\spring-oxm-3.2.7.RELEASE.jar;C:\Program Files\NetBeans 8.2\java\modules\ext\spring-3.0\spring-struts-3.2.7.RELEASE.jar;C:\Program Files\NetBeans 8.2\java\modules\ext\spring-3.0\spring-test-3.2.7.RELEASE.jar;C:\Program Files\NetBeans 8.2\java\modules\ext\spring-3.0\spring-tx-3.2.7.RELEASE.jar;C:\Program Files\NetBeans 8.2\java\modules\ext\spring-3.0\spring-web-3.2.7.RELEASE.jar;C:\Program Files\NetBeans 8.2\java\modules\ext\spring-3.0\spring-webmvc-3.2.7.RELEASE.jar;C:\Program Files\NetBeans 8.2\java\modules\ext\spring-3.0\spring-webmvc-portlet-3.2.7.RELEASE.jar" />
    <property name="libs.jsp-compiler.maven-pom" value="" />
    <property name="libs.hamcrest.src" value="" />
    <property name="libs.hibernate4-persistence.classpath" value="C:\Program Files\NetBeans 8.2\java\modules\ext\hibernate4\antlr-2.7.7.jar;C:\Program Files\NetBeans 8.2\java\modules\ext\hibernate4\c3p0-0.9.2.1.jar;C:\Program Files\NetBeans 8.2\java\modules\ext\hibernate4\hibernate-c3p0-4.3.1.Final.jar;C:\Program Files\NetBeans 8.2\java\modules\ext\hibernate4\mchange-commons-java-0.2.3.4.jar;C:\Program Files\NetBeans 8.2\java\modules\ext\hibernate4\dom4j-1.6.1.jar;C:\Program Files\NetBeans 8.2\java\modules\ext\hibernate4\ehcache-core-2.4.3.jar;C:\Program Files\NetBeans 8.2\java\modules\ext\hibernate4\hibernate-ehcache-4.3.1.Final.jar;C:\Program Files\NetBeans 8.2\java\modules\ext\hibernate4\hibernate-core-4.3.1.Final.jar;C:\Program Files\NetBeans 8.2\java\modules\ext\hibernate4\jboss-logging-3.1.3.GA.jar;C:\Program Files\NetBeans 8.2\java\modules\ext\hibernate4\hibernate-commons-annotations-4.0.4.Final.jar;C:\Program Files\NetBeans 8.2\java\modules\ext\hibernate4\hibernate-entitymanager-4.3.1.Final.jar;C:\Program Files\NetBeans 8.2\java\modules\ext\hibernate4\javassist-3.18.1-GA.jar;C:\Program Files\NetBeans 8.2\java\modules\ext\hibernate4\jboss-transaction-api_1.2_spec-1.0.0.Final.jar;C:\Program Files\NetBeans 8.2\java\modules\ext\hibernate4\slf4j-api-1.6.1.jar;C:\Program Files\NetBeans 8.2\java\modules\ext\hibernate4\slf4j-simple-1.6.1.jar;C:\Program Files\NetBeans 8.2\java\modules\ext\hibernate4\hibernate-jpa-2.1-api-1.0.0.Final.jar" />
    <property name="dist.archive.excludes" value="" />
    <property name="libs.JAXB-ENDORSED.src" value="" />
    <property name="libs.testng.javadoc" value="C:\Program Files\NetBeans 8.2\platform\docs\testng-6.8.1-javadoc.zip" />
    <property name="user.script" value="" />
    <property name="libs.PostgreSQLDriver.classpath" value="C:\Program Files\NetBeans 8.2\ide\modules\ext\postgresql-9.4.1209.jar" />
    <property name="libs.hibernate4-persistencemodelgen.classpath" value="C:\Program Files\NetBeans 8.2\java\modules\ext\hibernate4\hibernate-jpamodelgen-4.3.1.Final.jar" />
    <property name="annotation.processing.source.output" value="build/generated-sources/ap-source-output" />
    <property name="build.dir" value="build" />
    <property name="libs.CopyLibs.src" value="" />
    <property name="libs.jsp-compilation.classpath" value="C:\Program Files\NetBeans 8.2\extide\ant\lib\ant.jar;C:\Users\Majki\AppData\Roaming\NetBeans\8.2\modules\ext\servlet3.1-jsp2.3-api.jar;C:\Users\Majki\AppData\Roaming\NetBeans\8.2\modules\ext\glassfish-jspparser-4.0.jar;C:\Users\Majki\AppData\Roaming\NetBeans\8.2\modules\ext\jstl-api.jar;C:\Program Files\NetBeans 8.2\extide\ant\lib\ant-launcher.jar" />
    <property name="j2ee.platform.is.jsr109" value="true" />
    <property name="ant.version" value="Apache Ant(TM) version 1.9.7 compiled on April 9 2016" />
    <property name="libs.javaee-api-5.0.classpath" value="C:\Users\Majki\AppData\Roaming\NetBeans\8.2\modules\ext\javaee5.jar" />
    <property name="selected.browser" value="default" />
    <property name="file.encoding" value="Cp1250" />
    <property name="build.classes.excludes" value="**/*.java,**/*.form" />
    <property name="auxiliary.org-netbeans-modules-css-prep.less_2e_compiler_2e_options" value="" />
    <property name="jdkBug6558476" value="false" />
    <property name="javadoc.nonavbar" value="false" />
    <property name="platform.active" value="default_platform" />
    <property name="awt.toolkit" value="sun.awt.windows.WToolkit" />
    <property name="war.ear.name" value="MorseTranslatorWebApplication.war" />
    <property name="libs.javaee-web-api-7.0.javadoc" value="C:\Users\Majki\AppData\Roaming\NetBeans\8.2\docs\javaee-doc-api.jar" />
  </properties>
  <testcase classname="pl.polsl.java.michal.jakobczyk.lab5.test.TextModelTest" name="testGetOriginalTextString" time="0.086" />
  <testcase classname="pl.polsl.java.michal.jakobczyk.lab5.test.TextModelTest" name="testWriteDataToFile" time="0.007" />
  <testcase classname="pl.polsl.java.michal.jakobczyk.lab5.test.TextModelTest" name="testReadDataFromFile" time="0.006" />
  <system-out><![CDATA[]]></system-out>
  <system-err><![CDATA[]]></system-err>
</testsuite>
